SF:lib/core/exceptions/failure.dart
DA:5,2
DA:6,1
DA:7,1
LF:3
LH:3
end_of_record
SF:lib/features/person/data/models/person_model.dart
DA:5,8
DA:6,2
DA:8,4
DA:9,2
DA:10,2
DA:11,2
DA:14,2
DA:15,1
DA:16,1
DA:17,1
LF:10
LH:10
end_of_record
SF:lib/features/person/data/repositories/person_repository_impl.dart
DA:12,1
DA:15,1
DA:17,3
DA:19,1
DA:20,2
DA:25,1
DA:27,3
DA:28,1
DA:29,1
DA:30,2
DA:35,1
DA:37,3
DA:38,1
DA:39,1
DA:40,2
DA:44,0
DA:47,0
DA:51,1
DA:53,3
DA:55,1
DA:56,2
LF:21
LH:19
end_of_record
SF:lib/features/person/domain/entities/person_entity.dart
DA:8,8
DA:14,2
DA:15,8
LF:3
LH:3
end_of_record
SF:lib/features/person/data/data_sources/person_locale_data_source_impl.dart
DA:12,1
DA:15,1
DA:16,1
DA:17,3
DA:21,1
DA:22,2
DA:23,1
DA:24,3
DA:25,1
DA:30,1
DA:31,2
DA:32,3
DA:33,1
DA:36,0
DA:39,0
DA:43,1
DA:44,2
DA:45,2
DA:46,3
DA:48,2
DA:49,3
DA:51,1
LF:22
LH:20
end_of_record
SF:lib/features/person/domain/use_cases/get_person_use_case.dart
DA:11,1
DA:13,1
DA:15,3
DA:25,3
DA:27,1
DA:28,1
LF:6
LH:6
end_of_record
SF:lib/core/usecases/use_case.dart
DA:10,1
DA:11,1
LF:2
LH:2
end_of_record
SF:lib/features/person/domain/use_cases/create_person_use_case.dart
DA:11,1
DA:13,1
DA:15,3
DA:22,3
DA:24,1
DA:25,2
LF:6
LH:6
end_of_record
SF:lib/features/person/domain/use_cases/delete_person_use_case.dart
DA:9,1
DA:11,1
DA:13,2
LF:3
LH:3
end_of_record
SF:lib/features/person/domain/use_cases/get_persons_use_case.dart
DA:11,1
DA:14,1
DA:15,2
LF:3
LH:3
end_of_record
SF:lib/features/person/presentation/logic/person_state.dart
DA:4,2
DA:8,0
DA:9,0
DA:13,1
DA:14,1
DA:20,2
DA:22,1
DA:23,2
DA:29,2
DA:31,1
DA:32,2
DA:36,1
DA:37,1
DA:41,1
DA:42,1
DA:46,1
DA:47,1
LF:17
LH:15
end_of_record
SF:lib/features/person/presentation/logic/person_cubit.dart
DA:21,1
DA:26,2
DA:30,1
DA:31,2
DA:32,3
DA:33,1
DA:34,1
DA:35,2
DA:36,1
DA:38,2
DA:39,1
DA:44,1
DA:45,2
DA:46,4
DA:47,1
DA:48,2
DA:49,1
DA:50,1
DA:51,1
DA:52,3
DA:56,1
DA:57,2
DA:58,4
DA:59,1
DA:60,3
DA:61,3
DA:65,1
DA:66,2
DA:67,3
DA:68,1
DA:69,3
DA:70,3
LF:32
LH:32
end_of_record
