SF:lib\features\person\data\data_sources\person_locale_data_source_impl.dart
DA:10,1
DA:13,1
DA:14,1
DA:15,3
DA:18,0
DA:21,0
DA:24,0
DA:27,0
DA:31,1
DA:32,2
DA:33,3
DA:34,1
DA:37,0
DA:40,0
LF:14
LH:8
end_of_record
SF:lib\features\person\data\models\person_model.dart
DA:4,7
DA:5,2
DA:7,4
DA:8,2
DA:9,2
DA:10,2
DA:13,4
DA:15,2
DA:16,2
DA:17,2
LF:10
LH:10
end_of_record
SF:lib\features\person\domain\entities\person_entity.dart
DA:8,7
DA:14,1
DA:15,4
LF:3
LH:3
end_of_record
SF:lib\core\exceptions\failure.dart
DA:5,2
DA:6,1
DA:7,1
LF:3
LH:3
end_of_record
SF:lib\core\usecases\use_case.dart
DA:10,1
DA:11,1
LF:2
LH:2
end_of_record
SF:lib\features\person\domain\use_cases\create_person_use_case.dart
DA:11,1
DA:13,1
DA:15,3
DA:22,3
DA:24,1
DA:25,2
LF:6
LH:6
end_of_record
SF:lib\features\person\domain\use_cases\get_persons_use_case.dart
DA:11,0
DA:14,0
DA:15,0
LF:3
LH:0
end_of_record
SF:lib\features\person\presentation\logic\person_state.dart
DA:4,1
DA:8,0
DA:9,0
DA:13,1
DA:14,1
DA:18,1
DA:19,1
DA:23,1
DA:24,1
DA:28,0
DA:29,0
DA:33,1
DA:34,1
LF:13
LH:9
end_of_record
SF:lib\features\person\presentation\logic\person_cubit.dart
DA:14,1
DA:16,2
DA:18,1
DA:19,2
DA:20,3
DA:21,1
DA:22,1
DA:23,2
DA:24,1
DA:26,2
DA:27,1
DA:32,1
DA:33,2
DA:34,4
DA:35,1
DA:36,2
DA:37,1
DA:39,2
DA:40,1
LF:19
LH:19
end_of_record
SF:lib\features\person\data\repositories\person_repository_impl.dart
DA:12,1
DA:15,1
DA:17,3
DA:19,1
DA:20,2
DA:25,1
DA:27,3
DA:28,1
DA:29,1
DA:30,2
DA:34,0
DA:37,0
DA:40,0
DA:43,0
DA:46,0
DA:49,0
LF:16
LH:10
end_of_record
